Flutter crash report; please file at https://github.com/flutter/flutter/issues.

## command

flutter run

## exception

ProcessException: ProcessException: Access is denied.

  Command: C:\Flutter\flutter\bin\mingit\cmd\git.EXE describe --match v*.*.* --first-parent --long --tags

```
#0      _ProcessImpl._runAndWait (dart:io-patch/process_patch.dart:498:7)
#1      _runNonInteractiveProcessSync (dart:io-patch/process_patch.dart:643:18)
#2      Process.runSync (dart:io-patch/process_patch.dart:68:12)
#3      LocalProcessManager.runSync (package:process/src/interface/local_process_manager.dart:93:20)
#4      _DefaultProcessUtils.runSync (package:flutter_tools/src/base/process.dart:368:50)
#5      _runGit (package:flutter_tools/src/version.dart:553:23)
#6      GitTagVersion.determine (package:flutter_tools/src/version.dart:612:18)
#7      new FlutterVersion (package:flutter_tools/src/version.dart:23:39)
#8      runInContext.<anonymous closure> (package:flutter_tools/src/context_runner.dart:90:29)
#9      AppContext._generateIfNecessary.<anonymous closure> (package:flutter_tools/src/base/context.dart:100:41)
#10     _LinkedHashMapMixin.putIfAbsent (dart:collection-patch/compact_hash.dart:293:23)
#11     AppContext._generateIfNecessary (package:flutter_tools/src/base/context.dart:88:20)
#12     AppContext.get (package:flutter_tools/src/base/context.dart:117:32)
#13     AppContext.get (package:flutter_tools/src/base/context.dart:115:23)
#14     FlutterVersion.instance (package:flutter_tools/src/version.dart:185:49)
#15     FlutterCommandRunner.runCommand.<anonymous closure> (package:flutter_tools/src/runner/flutter_command_runner.dart:381:32)
<asynchronous suspension>
#16     AppContext.run.<anonymous closure> (package:flutter_tools/src/base/context.dart:146:29)
#17     _rootRun (dart:async/zone.dart:1126:13)
#18     _CustomZone.run (dart:async/zone.dart:1023:19)
#19     _runZoned (dart:async/zone.dart:1518:10)
#20     runZoned (dart:async/zone.dart:1465:12)
#21     AppContext.run (package:flutter_tools/src/base/context.dart:145:18)
#22     FlutterCommandRunner.runCommand (package:flutter_tools/src/runner/flutter_command_runner.dart:364:19)
#23     CommandRunner.run.<anonymous closure> (package:args/command_runner.dart:112:25)
#24     new Future.sync (dart:async/future.dart:224:31)
#25     CommandRunner.run (package:args/command_runner.dart:112:14)
#26     FlutterCommandRunner.run (package:flutter_tools/src/runner/flutter_command_runner.dart:250:18)
#27     run.<anonymous closure>.<anonymous closure> (package:flutter_tools/runner.dart:63:22)
#28     _rootRun (dart:async/zone.dart:1126:13)
#29     _CustomZone.run (dart:async/zone.dart:1023:19)
#30     _runZoned (dart:async/zone.dart:1518:10)
#31     runZoned (dart:async/zone.dart:1502:12)
#32     run.<anonymous closure> (package:flutter_tools/runner.dart:61:18)
<asynchronous suspension>
#33     AppContext.run.<anonymous closure> (package:flutter_tools/src/base/context.dart:146:29)
#34     _rootRun (dart:async/zone.dart:1126:13)
#35     _CustomZone.run (dart:async/zone.dart:1023:19)
#36     _runZoned (dart:async/zone.dart:1518:10)
#37     runZoned (dart:async/zone.dart:1465:12)
#38     AppContext.run (package:flutter_tools/src/base/context.dart:145:18)
#39     runInContext (package:flutter_tools/src/context_runner.dart:64:24)
#40     run (package:flutter_tools/runner.dart:50:10)
#41     main (package:flutter_tools/executable.dart:65:9)
#42     main (file:///C:/b/s/w/ir/k/archive/flutter/packages/flutter_tools/bin/flutter_tools.dart:8:3)
#43     _startIsolate.<anonymous closure> (dart:isolate-patch/isolate_patch.dart:305:32)
#44     _RawReceivePortImpl._handleMessage (dart:isolate-patch/isolate_patch.dart:174:12)
```

## flutter doctor

```
[32m[✓][39m Flutter (Channel stable, v1.12.13+hotfix.7, on Microsoft Windows [Version 10.0.16299.1087], locale en-IN)
    [32m•[39m Flutter version 1.12.13+hotfix.7 at C:\Flutter\flutter
    [32m•[39m Framework revision 9f5ff2306b (5 months ago), 2020-01-26 22:38:26 -0800
    [32m•[39m Engine revision a67792536c
    [32m•[39m Dart version 2.7.0

[33m[!][39m Android toolchain - develop for Android devices (Android SDK version 29.0.3)
    [32m•[39m Android SDK at C:\Users\rajesh\AppData\Local\Android\sdk
    [32m•[39m Android NDK location not configured (optional; useful for native profiling support)
    [32m•[39m Platform android-29, build-tools 29.0.3
    [32m•[39m Java binary at: C:\Program Files\Android\Android Studio\jre\bin\java
    [32m•[39m Java version OpenJDK Runtime Environment (build 1.8.0_212-release-1586-b04)
    [33m![39m Some Android licenses not accepted.  To resolve this, run: flutter doctor --android-licenses

[32m[✓][39m Android Studio (version 3.6)
    [32m•[39m Android Studio at C:\Program Files\Android\Android Studio
    [32m•[39m Flutter plugin version 44.0.2
    [32m•[39m Dart plugin version 192.7761
    [32m•[39m Java version OpenJDK Runtime Environment (build 1.8.0_212-release-1586-b04)

[32m[✓][39m VS Code (version 1.46.1)
    [32m•[39m VS Code at C:\Users\rajesh\AppData\Local\Programs\Microsoft VS Code
    [32m•[39m Flutter extension version 3.11.0

[32m[✓][39m Connected device (1 available)
    [32m•[39m SM A315F • RZ8N50D2PYJ • android-arm64 • Android 10 (API 29)

[33m![39m Doctor found issues in 1 category.
```
